<?xml version="1.0" encoding="UTF-8"?>
<!-- Generated by org.testng.reporters.JUnitReportReporter -->
<testsuite hostname="LAPTOP-F2CIHLUJ" failures="0" tests="1" name="amazonmavenpackage.AmazonMavenProject.TestCase3_LoginwithIncorrectCredentials" time="8.868" errors="0" timestamp="2025-07-14T19:46:55 IST" skipped="0">
  <testcase classname="amazonmavenpackage.AmazonMavenProject.TestCase3_LoginwithIncorrectCredentials" name="Launch" time="8.868">
    <system-out>
      <![CDATA[Test case passed]]>
    </system-out>
  </testcase> <!-- Launch -->
  <system-out>
    <![CDATA[Test case Failed
Test case passed
Test case passed
Test case passed
Test case Failed
Your Account box is present
Add address box is present
Edit your address page
Address saved successfully
Test case passed
Product price is displaying
Product price is displaying
Product Description is displaying
Product Reviews are displaying
Test case passed
Test case passed
Test case passed
Test case Failed
Test case passed
Test case Failed
Test case Failed]]>
  </system-out>
</testsuite> <!-- amazonmavenpackage.AmazonMavenProject.TestCase3_LoginwithIncorrectCredentials -->
