<?xml version="1.0" encoding="UTF-8"?>
<!-- Generated by org.testng.reporters.JUnitReportReporter -->
<testsuite hostname="LAPTOP-F2CIHLUJ" failures="0" tests="1" name="amazonmavenpackage.AmazonMavenProject.TestCase8_ProductsSorting" time="22.416" errors="0" timestamp="2025-07-17T14:30:19 IST" skipped="0">
  <testcase classname="amazonmavenpackage.AmazonMavenProject.TestCase8_ProductsSorting" name="SortProducts" time="22.416"/>
</testsuite> <!-- amazonmavenpackage.AmazonMavenProject.TestCase8_ProductsSorting -->
