<?xml version="1.0" encoding="UTF-8"?>
<!-- Generated by org.testng.reporters.JUnitReportReporter -->
<testsuite hostname="LAPTOP-F2CIHLUJ" failures="0" tests="1" name="amazonmavenpackage.AmazonMavenProject.TestCase10_UpdateItemQuantities" time="52.535" errors="0" timestamp="2025-07-15T12:57:45 IST" skipped="0">
  <testcase classname="amazonmavenpackage.AmazonMavenProject.TestCase10_UpdateItemQuantities" name="updateItemsQuantity" time="52.535">
    <system-out>
      <![CDATA[Landed on Shopping cart page
Test case passed]]>
    </system-out>
  </testcase> <!-- updateItemsQuantity -->
  <system-out>
    <![CDATA[Landed on Shopping cart page
Test case passed]]>
  </system-out>
</testsuite> <!-- amazonmavenpackage.AmazonMavenProject.TestCase10_UpdateItemQuantities -->
