<?xml version="1.0" encoding="UTF-8"?>
<!-- Generated by org.testng.reporters.JUnitReportReporter -->
<testsuite hostname="LAPTOP-F2CIHLUJ" failures="0" tests="1" name="amazonmavenpackage.AmazonMavenProject.TestCase6_Filters" time="17.782" errors="0" timestamp="2025-07-15T00:36:32 IST" skipped="0">
  <testcase classname="amazonmavenpackage.AmazonMavenProject.TestCase6_Filters" name="brandCategorySelection" time="17.782">
    <system-out>
      <![CDATA[Test case passed]]>
    </system-out>
  </testcase> <!-- brandCategorySelection -->
  <system-out>
    <![CDATA[Test case Failed
Test case passed
Test case passed
Your Account box is present
Add address box is present
Edit your address page
Address saved successfully
Test case passed
Product price is displaying
Test case Failed
Test case passed
Test case passed
Landed on Shopping cart page
Test case Failed
Test case passed
Test case passed
Test case passed]]>
  </system-out>
</testsuite> <!-- amazonmavenpackage.AmazonMavenProject.TestCase6_Filters -->
