<?xml version="1.0" encoding="UTF-8"?>
<!-- Generated by org.testng.reporters.JUnitReportReporter -->
<testsuite hostname="LAPTOP-F2CIHLUJ" failures="0" tests="2" name="amazonmavenpackage.AmazonMavenProject.TestCase15_CartPageWithoutLogin" time="70.122" errors="0" timestamp="2025-07-15T21:26:06 IST" skipped="0">
  <testcase classname="amazonmavenpackage.AmazonMavenProject.TestCase15_CartPageWithoutLogin" name="withoutLoginReachCartPage" time="49.962">
    <system-out>
      <![CDATA[Test case passed]]>
    </system-out>
  </testcase> <!-- withoutLoginReachCartPage -->
  <testcase classname="amazonmavenpackage.AmazonMavenProject.TestCase15_CartPageWithoutLogin" name="withoutLoginReachCartPage" time="20.160">
    <system-out>
      <![CDATA[Test case passed]]>
    </system-out>
  </testcase> <!-- withoutLoginReachCartPage -->
  <system-out>
    <![CDATA[Test case passed
Test case passed]]>
  </system-out>
</testsuite> <!-- amazonmavenpackage.AmazonMavenProject.TestCase15_CartPageWithoutLogin -->
