<?xml version="1.0" encoding="UTF-8"?>
<!-- Generated by org.testng.reporters.JUnitReportReporter -->
<testsuite hostname="LAPTOP-F2CIHLUJ" failures="0" tests="1" name="amazonmavenpackage.AmazonMavenProject.TestCase9_ItemsAddToshoppingcart" time="31.965" errors="0" timestamp="2025-07-15T12:33:45 IST" skipped="0">
  <testcase classname="amazonmavenpackage.AmazonMavenProject.TestCase9_ItemsAddToshoppingcart" name="addToCart" time="31.965">
    <system-out>
      <![CDATA[Test case passed]]>
    </system-out>
  </testcase> <!-- addToCart -->
  <system-out>
    <![CDATA[Test case passed]]>
  </system-out>
</testsuite> <!-- amazonmavenpackage.AmazonMavenProject.TestCase9_ItemsAddToshoppingcart -->
