<?xml version="1.0" encoding="UTF-8"?>
<!-- Generated by org.testng.reporters.JUnitReportReporter -->
<testsuite hostname="LAPTOP-F2CIHLUJ" failures="0" tests="1" name="amazonmavenpackage.AmazonMavenProject.TestCase5_SearchProduct" time="15.374" errors="0" timestamp="2025-07-15T13:57:50 IST" skipped="0">
  <testcase classname="amazonmavenpackage.AmazonMavenProject.TestCase5_SearchProduct" name="SearchingProduct" time="15.374">
    <system-out>
      <![CDATA[Test case passed]]>
    </system-out>
  </testcase> <!-- SearchingProduct -->
  <system-out>
    <![CDATA[Test case passed
Test case passed]]>
  </system-out>
</testsuite> <!-- amazonmavenpackage.AmazonMavenProject.TestCase5_SearchProduct -->
